This file contains any messages produced by compilers while
running configure, to aid debugging if configure makes a mistake.

It was created by ptunnel-ng configure 1.42, which was
generated by GNU Autoconf 2.71.  Invocation command line was

  $ ./configure --enable-static

## --------- ##
## Platform. ##
## --------- ##

hostname = coolige-XPS-8960
uname -m = x86_64
uname -r = 6.14.0-29-generic
uname -s = Linux
uname -v = #29~24.04.1-Ubuntu SMP PREEMPT_DYNAMIC Thu Aug 14 16:52:50 UTC 2

/usr/bin/uname -p = x86_64
/bin/uname -X     = unknown

/bin/arch              = x86_64
/usr/bin/arch -k       = unknown
/usr/convex/getsysinfo = unknown
/usr/bin/hostinfo      = unknown
/bin/machine           = unknown
/usr/bin/oslevel       = unknown
/bin/universe          = unknown

PATH: /usr/local/sbin/
PATH: /usr/local/bin/
PATH: /usr/sbin/
PATH: /usr/bin/
PATH: /sbin/
PATH: /bin/
PATH: /snap/bin/


## ----------- ##
## Core tests. ##
## ----------- ##

configure:2685: looking for aux files: compile missing install-sh config.guess config.sub
configure:2698:  trying ./
configure:2727:   ./compile found
configure:2727:   ./missing found
configure:2709:   ./install-sh found
configure:2727:   ./config.guess found
configure:2727:   ./config.sub found
configure:2849: checking build system type
configure:2864: result: x86_64-pc-linux-gnu
configure:2884: checking host system type
configure:2898: result: x86_64-pc-linux-gnu
configure:2940: checking whether make supports nested variables
configure:2958: result: yes
configure:2986: checking for a BSD-compatible install
configure:3059: result: /usr/bin/install -c
configure:3070: checking whether build environment is sane
configure:3125: result: yes
configure:3284: checking for a race-free mkdir -p
configure:3328: result: /usr/bin/mkdir -p
configure:3335: checking for gawk
configure:3370: result: no
configure:3335: checking for mawk
configure:3356: found /usr/bin/mawk
configure:3367: result: mawk
configure:3378: checking whether make sets $(MAKE)
configure:3401: result: yes
configure:3607: checking for gcc
configure:3628: found /usr/bin/gcc
configure:3639: result: gcc
configure:3992: checking for C compiler version
configure:4001: gcc --version >&5
gcc (Ubuntu 13.3.0-6ubuntu2~24.04) 13.3.0
Copyright (C) 2023 Free Software Foundation, Inc.
This is free software; see the source for copying conditions.  There is NO
warranty; not even for MERCHANTABILITY or FITNESS FOR A PARTICULAR PURPOSE.

configure:4012: $? = 0
configure:4001: gcc -v >&5
Using built-in specs.
COLLECT_GCC=gcc
COLLECT_LTO_WRAPPER=/usr/libexec/gcc/x86_64-linux-gnu/13/lto-wrapper
OFFLOAD_TARGET_NAMES=nvptx-none:amdgcn-amdhsa
OFFLOAD_TARGET_DEFAULT=1
Target: x86_64-linux-gnu
Configured with: ../src/configure -v --with-pkgversion='Ubuntu 13.3.0-6ubuntu2~24.04' --with-bugurl=file:///usr/share/doc/gcc-13/README.Bugs --enable-languages=c,ada,c++,go,d,fortran,objc,obj-c++,m2 --prefix=/usr --with-gcc-major-version-only --program-suffix=-13 --program-prefix=x86_64-linux-gnu- --enable-shared --enable-linker-build-id --libexecdir=/usr/libexec --without-included-gettext --enable-threads=posix --libdir=/usr/lib --enable-nls --enable-bootstrap --enable-clocale=gnu --enable-libstdcxx-debug --enable-libstdcxx-time=yes --with-default-libstdcxx-abi=new --enable-libstdcxx-backtrace --enable-gnu-unique-object --disable-vtable-verify --enable-plugin --enable-default-pie --with-system-zlib --enable-libphobos-checking=release --with-target-system-zlib=auto --enable-objc-gc=auto --enable-multiarch --disable-werror --enable-cet --with-arch-32=i686 --with-abi=m64 --with-multilib-list=m32,m64,mx32 --enable-multilib --with-tune=generic --enable-offload-targets=nvptx-none=/build/gcc-13-fG75Ri/gcc-13-13.3.0/debian/tmp-nvptx/usr,amdgcn-amdhsa=/build/gcc-13-fG75Ri/gcc-13-13.3.0/debian/tmp-gcn/usr --enable-offload-defaulted --without-cuda-driver --enable-checking=release --build=x86_64-linux-gnu --host=x86_64-linux-gnu --target=x86_64-linux-gnu --with-build-config=bootstrap-lto-lean --enable-link-serialization=2
Thread model: posix
Supported LTO compression algorithms: zlib zstd
gcc version 13.3.0 (Ubuntu 13.3.0-6ubuntu2~24.04) 
... rest of stderr output deleted ...
configure:4012: $? = 0
configure:4001: gcc -V >&5
gcc: error: unrecognized command-line option '-V'
gcc: fatal error: no input files
compilation terminated.
configure:4012: $? = 1
configure:4001: gcc -qversion >&5
gcc: error: unrecognized command-line option '-qversion'; did you mean '--version'?
gcc: fatal error: no input files
compilation terminated.
configure:4012: $? = 1
configure:4001: gcc -version >&5
gcc: error: unrecognized command-line option '-version'
gcc: fatal error: no input files
compilation terminated.
configure:4012: $? = 1
configure:4032: checking whether the C compiler works
configure:4054: gcc   -static conftest.c  >&5
configure:4058: $? = 0
configure:4108: result: yes
configure:4111: checking for C compiler default output file name
configure:4113: result: a.out
configure:4119: checking for suffix of executables
configure:4126: gcc -o conftest   -static conftest.c  >&5
configure:4130: $? = 0
configure:4153: result: 
configure:4175: checking whether we are cross compiling
configure:4183: gcc -o conftest   -static conftest.c  >&5
configure:4187: $? = 0
configure:4194: ./conftest
configure:4198: $? = 0
configure:4213: result: no
configure:4218: checking for suffix of object files
configure:4241: gcc -c   conftest.c >&5
configure:4245: $? = 0
configure:4267: result: o
configure:4271: checking whether the compiler supports GNU C
configure:4291: gcc -c   conftest.c >&5
configure:4291: $? = 0
configure:4301: result: yes
configure:4312: checking whether gcc accepts -g
configure:4333: gcc -c -g  conftest.c >&5
configure:4333: $? = 0
configure:4377: result: yes
configure:4397: checking for gcc option to enable C11 features
configure:4412: gcc  -c -g -O2  conftest.c >&5
configure:4412: $? = 0
configure:4430: result: none needed
configure:4546: checking whether gcc understands -c and -o together
configure:4569: gcc -c conftest.c -o conftest2.o
configure:4572: $? = 0
configure:4569: gcc -c conftest.c -o conftest2.o
configure:4572: $? = 0
configure:4584: result: yes
configure:4604: checking whether make supports the include directive
configure:4619: make -f confmf.GNU && cat confinc.out
this is the am__doit target
configure:4622: $? = 0
configure:4641: result: yes (GNU style)
configure:4667: checking dependency style of gcc
configure:4779: result: gcc3
configure:4800: checking for stdio.h
configure:4800: gcc -c -g -O2  conftest.c >&5
configure:4800: $? = 0
configure:4800: result: yes
configure:4800: checking for stdlib.h
configure:4800: gcc -c -g -O2  conftest.c >&5
configure:4800: $? = 0
configure:4800: result: yes
configure:4800: checking for string.h
configure:4800: gcc -c -g -O2  conftest.c >&5
configure:4800: $? = 0
configure:4800: result: yes
configure:4800: checking for inttypes.h
configure:4800: gcc -c -g -O2  conftest.c >&5
configure:4800: $? = 0
configure:4800: result: yes
configure:4800: checking for stdint.h
configure:4800: gcc -c -g -O2  conftest.c >&5
configure:4800: $? = 0
configure:4800: result: yes
configure:4800: checking for strings.h
configure:4800: gcc -c -g -O2  conftest.c >&5
configure:4800: $? = 0
configure:4800: result: yes
configure:4800: checking for sys/stat.h
configure:4800: gcc -c -g -O2  conftest.c >&5
configure:4800: $? = 0
configure:4800: result: yes
configure:4800: checking for sys/types.h
configure:4800: gcc -c -g -O2  conftest.c >&5
configure:4800: $? = 0
configure:4800: result: yes
configure:4800: checking for unistd.h
configure:4800: gcc -c -g -O2  conftest.c >&5
configure:4800: $? = 0
configure:4800: result: yes
configure:4800: checking for wchar.h
configure:4800: gcc -c -g -O2  conftest.c >&5
configure:4800: $? = 0
configure:4800: result: yes
configure:4800: checking for minix/config.h
configure:4800: gcc -c -g -O2  conftest.c >&5
conftest.c:49:10: fatal error: minix/config.h: No such file or directory
   49 | #include <minix/config.h>
      |          ^~~~~~~~~~~~~~~~
compilation terminated.
configure:4800: $? = 1
configure: failed program was:
| /* confdefs.h */
| #define PACKAGE_NAME "ptunnel-ng"
| #define PACKAGE_TARNAME "ptunnel-ng"
| #define PACKAGE_VERSION "1.42"
| #define PACKAGE_STRING "ptunnel-ng 1.42"
| #define PACKAGE_BUGREPORT ""
| #define PACKAGE_URL ""
| #define PACKAGE "ptunnel-ng"
| #define VERSION "1.42"
| #define HAVE_STDIO_H 1
| #define HAVE_STDLIB_H 1
| #define HAVE_STRING_H 1
| #define HAVE_INTTYPES_H 1
| #define HAVE_STDINT_H 1
| #define HAVE_STRINGS_H 1
| #define HAVE_SYS_STAT_H 1
| #define HAVE_SYS_TYPES_H 1
| #define HAVE_UNISTD_H 1
| #define HAVE_WCHAR_H 1
| /* end confdefs.h.  */
| #include <stddef.h>
| #ifdef HAVE_STDIO_H
| # include <stdio.h>
| #endif
| #ifdef HAVE_STDLIB_H
| # include <stdlib.h>
| #endif
| #ifdef HAVE_STRING_H
| # include <string.h>
| #endif
| #ifdef HAVE_INTTYPES_H
| # include <inttypes.h>
| #endif
| #ifdef HAVE_STDINT_H
| # include <stdint.h>
| #endif
| #ifdef HAVE_STRINGS_H
| # include <strings.h>
| #endif
| #ifdef HAVE_SYS_TYPES_H
| # include <sys/types.h>
| #endif
| #ifdef HAVE_SYS_STAT_H
| # include <sys/stat.h>
| #endif
| #ifdef HAVE_UNISTD_H
| # include <unistd.h>
| #endif
| #include <minix/config.h>
configure:4800: result: no
configure:4831: checking whether it is safe to define __EXTENSIONS__
configure:4850: gcc -c -g -O2  conftest.c >&5
configure:4850: $? = 0
configure:4858: result: yes
configure:4861: checking whether _XOPEN_SOURCE should be defined
configure:4883: gcc -c -g -O2  conftest.c >&5
configure:4883: $? = 0
configure:4910: result: no
configure:4966: checking for an ANSI C-conforming const
configure:5033: gcc -c -g -O2  conftest.c >&5
configure:5033: $? = 0
configure:5041: result: yes
configure:5049: checking for inline
configure:5066: gcc -c -g -O2  conftest.c >&5
configure:5066: $? = 0
configure:5075: result: inline
configure:5093: checking for size_t
configure:5093: gcc -c -g -O2  conftest.c >&5
configure:5093: $? = 0
configure:5093: gcc -c -g -O2  conftest.c >&5
conftest.c: In function 'main':
conftest.c:69:21: error: expected expression before ')' token
   69 | if (sizeof ((size_t)))
      |                     ^
configure:5093: $? = 1
configure: failed program was:
| /* confdefs.h */
| #define PACKAGE_NAME "ptunnel-ng"
| #define PACKAGE_TARNAME "ptunnel-ng"
| #define PACKAGE_VERSION "1.42"
| #define PACKAGE_STRING "ptunnel-ng 1.42"
| #define PACKAGE_BUGREPORT ""
| #define PACKAGE_URL ""
| #define PACKAGE "ptunnel-ng"
| #define VERSION "1.42"
| #define HAVE_STDIO_H 1
| #define HAVE_STDLIB_H 1
| #define HAVE_STRING_H 1
| #define HAVE_INTTYPES_H 1
| #define HAVE_STDINT_H 1
| #define HAVE_STRINGS_H 1
| #define HAVE_SYS_STAT_H 1
| #define HAVE_SYS_TYPES_H 1
| #define HAVE_UNISTD_H 1
| #define HAVE_WCHAR_H 1
| #define STDC_HEADERS 1
| #define _ALL_SOURCE 1
| #define _DARWIN_C_SOURCE 1
| #define _GNU_SOURCE 1
| #define _HPUX_ALT_XOPEN_SOCKET_API 1
| #define _NETBSD_SOURCE 1
| #define _OPENBSD_SOURCE 1
| #define _POSIX_PTHREAD_SEMANTICS 1
| #define __STDC_WANT_IEC_60559_ATTRIBS_EXT__ 1
| #define __STDC_WANT_IEC_60559_BFP_EXT__ 1
| #define __STDC_WANT_IEC_60559_DFP_EXT__ 1
| #define __STDC_WANT_IEC_60559_FUNCS_EXT__ 1
| #define __STDC_WANT_IEC_60559_TYPES_EXT__ 1
| #define __STDC_WANT_LIB_EXT2__ 1
| #define __STDC_WANT_MATH_SPEC_FUNCS__ 1
| #define _TANDEM_SOURCE 1
| #define __EXTENSIONS__ 1
| /* end confdefs.h.  */
| #include <stddef.h>
| #ifdef HAVE_STDIO_H
| # include <stdio.h>
| #endif
| #ifdef HAVE_STDLIB_H
| # include <stdlib.h>
| #endif
| #ifdef HAVE_STRING_H
| # include <string.h>
| #endif
| #ifdef HAVE_INTTYPES_H
| # include <inttypes.h>
| #endif
| #ifdef HAVE_STDINT_H
| # include <stdint.h>
| #endif
| #ifdef HAVE_STRINGS_H
| # include <strings.h>
| #endif
| #ifdef HAVE_SYS_TYPES_H
| # include <sys/types.h>
| #endif
| #ifdef HAVE_SYS_STAT_H
| # include <sys/stat.h>
| #endif
| #ifdef HAVE_UNISTD_H
| # include <unistd.h>
| #endif
| int
| main (void)
| {
| if (sizeof ((size_t)))
| 	    return 0;
|   ;
|   return 0;
| }
configure:5093: result: yes
configure:5103: checking for _Bool
configure:5103: gcc -c -g -O2  conftest.c >&5
configure:5103: $? = 0
configure:5103: gcc -c -g -O2  conftest.c >&5
conftest.c: In function 'main':
conftest.c:69:20: error: expected expression before ')' token
   69 | if (sizeof ((_Bool)))
      |                    ^
configure:5103: $? = 1
configure: failed program was:
| /* confdefs.h */
| #define PACKAGE_NAME "ptunnel-ng"
| #define PACKAGE_TARNAME "ptunnel-ng"
| #define PACKAGE_VERSION "1.42"
| #define PACKAGE_STRING "ptunnel-ng 1.42"
| #define PACKAGE_BUGREPORT ""
| #define PACKAGE_URL ""
| #define PACKAGE "ptunnel-ng"
| #define VERSION "1.42"
| #define HAVE_STDIO_H 1
| #define HAVE_STDLIB_H 1
| #define HAVE_STRING_H 1
| #define HAVE_INTTYPES_H 1
| #define HAVE_STDINT_H 1
| #define HAVE_STRINGS_H 1
| #define HAVE_SYS_STAT_H 1
| #define HAVE_SYS_TYPES_H 1
| #define HAVE_UNISTD_H 1
| #define HAVE_WCHAR_H 1
| #define STDC_HEADERS 1
| #define _ALL_SOURCE 1
| #define _DARWIN_C_SOURCE 1
| #define _GNU_SOURCE 1
| #define _HPUX_ALT_XOPEN_SOCKET_API 1
| #define _NETBSD_SOURCE 1
| #define _OPENBSD_SOURCE 1
| #define _POSIX_PTHREAD_SEMANTICS 1
| #define __STDC_WANT_IEC_60559_ATTRIBS_EXT__ 1
| #define __STDC_WANT_IEC_60559_BFP_EXT__ 1
| #define __STDC_WANT_IEC_60559_DFP_EXT__ 1
| #define __STDC_WANT_IEC_60559_FUNCS_EXT__ 1
| #define __STDC_WANT_IEC_60559_TYPES_EXT__ 1
| #define __STDC_WANT_LIB_EXT2__ 1
| #define __STDC_WANT_MATH_SPEC_FUNCS__ 1
| #define _TANDEM_SOURCE 1
| #define __EXTENSIONS__ 1
| /* end confdefs.h.  */
| #include <stddef.h>
| #ifdef HAVE_STDIO_H
| # include <stdio.h>
| #endif
| #ifdef HAVE_STDLIB_H
| # include <stdlib.h>
| #endif
| #ifdef HAVE_STRING_H
| # include <string.h>
| #endif
| #ifdef HAVE_INTTYPES_H
| # include <inttypes.h>
| #endif
| #ifdef HAVE_STDINT_H
| # include <stdint.h>
| #endif
| #ifdef HAVE_STRINGS_H
| # include <strings.h>
| #endif
| #ifdef HAVE_SYS_TYPES_H
| # include <sys/types.h>
| #endif
| #ifdef HAVE_SYS_STAT_H
| # include <sys/stat.h>
| #endif
| #ifdef HAVE_UNISTD_H
| # include <unistd.h>
| #endif
| int
| main (void)
| {
| if (sizeof ((_Bool)))
| 	    return 0;
|   ;
|   return 0;
| }
configure:5103: result: yes
configure:5112: checking for stdbool.h that conforms to C99
configure:5228: gcc -c -g -O2  conftest.c >&5
configure:5228: $? = 0
configure:5236: result: yes
configure:5243: checking for vprintf
configure:5243: gcc -o conftest -g -O2  -static conftest.c  >&5
conftest.c:55:6: warning: conflicting types for built-in function 'vprintf'; expected 'int(const char *, __va_list_tag *)' [-Wbuiltin-declaration-mismatch]
   55 | char vprintf ();
      |      ^~~~~~~
conftest.c:47:1: note: 'vprintf' is declared in header '<stdio.h>'
   46 | #include <limits.h>
   47 | #undef vprintf
configure:5243: $? = 0
configure:5243: result: yes
configure:5264: checking for working memcmp
configure:5309: gcc -o conftest -g -O2  -static conftest.c  >&5
configure:5309: $? = 0
configure:5309: ./conftest
configure:5309: $? = 0
configure:5320: result: yes
configure:5337: checking for stdarg.h
configure:5337: gcc -c -g -O2  conftest.c >&5
configure:5337: $? = 0
configure:5337: result: yes
configure:5337: checking for stdio.h
configure:5337: result: yes
configure:5337: checking for unistd.h
configure:5337: result: yes
configure:5337: checking for stdlib.h
configure:5337: result: yes
configure:5337: checking for string.h
configure:5337: result: yes
configure:5337: checking for stdint.h
configure:5337: result: yes
configure:5337: checking for time.h
configure:5337: gcc -c -g -O2  conftest.c >&5
configure:5337: $? = 0
configure:5337: result: yes
configure:5337: checking for signal.h
configure:5337: gcc -c -g -O2  conftest.c >&5
configure:5337: $? = 0
configure:5337: result: yes
configure:5337: checking for assert.h
configure:5337: gcc -c -g -O2  conftest.c >&5
configure:5337: $? = 0
configure:5337: result: yes
configure:5350: checking for sys/unistd.h
configure:5350: gcc -c -g -O2  conftest.c >&5
configure:5350: $? = 0
configure:5350: result: yes
configure:5360: checking for sys/types.h
configure:5360: result: yes
configure:5360: checking for sys/socket.h
configure:5360: gcc -c -g -O2  conftest.c >&5
configure:5360: $? = 0
configure:5360: result: yes
configure:5360: checking for netinet/in.h
configure:5360: gcc -c -g -O2  conftest.c >&5
configure:5360: $? = 0
configure:5360: result: yes
configure:5360: checking for arpa/inet.h
configure:5360: gcc -c -g -O2  conftest.c >&5
configure:5360: $? = 0
configure:5360: result: yes
configure:5360: checking for netdb.h
configure:5360: gcc -c -g -O2  conftest.c >&5
configure:5360: $? = 0
configure:5360: result: yes
configure:5360: checking for pthread.h
configure:5360: gcc -c -g -O2  conftest.c >&5
configure:5360: $? = 0
configure:5360: result: yes
configure:5360: checking for errno.h
configure:5360: gcc -c -g -O2  conftest.c >&5
configure:5360: $? = 0
configure:5360: result: yes
configure:5360: checking for net/ethernet.h
configure:5360: gcc -c -g -O2  conftest.c >&5
configure:5360: $? = 0
configure:5360: result: yes
configure:5360: checking for syslog.h
configure:5360: gcc -c -g -O2  conftest.c >&5
configure:5360: $? = 0
configure:5360: result: yes
configure:5360: checking for pwd.h
configure:5360: gcc -c -g -O2  conftest.c >&5
configure:5360: $? = 0
configure:5360: result: yes
configure:5360: checking for grp.h
configure:5360: gcc -c -g -O2  conftest.c >&5
configure:5360: $? = 0
configure:5360: result: yes
configure:5372: checking for library containing pthread_create
configure:5402: gcc -o conftest -g -O2  -static conftest.c  >&5
configure:5402: $? = 0
configure:5422: result: none required
configure:5437: checking for signal
configure:5437: gcc -o conftest -g -O2  -static conftest.c  >&5
configure:5437: $? = 0
configure:5437: result: yes
configure:5452: checking for pthread_mutex_init
configure:5452: gcc -o conftest -g -O2  -static conftest.c  >&5
configure:5452: $? = 0
configure:5452: result: yes
configure:5452: checking for pthread_mutex_lock
configure:5452: gcc -o conftest -g -O2  -static conftest.c  >&5
configure:5452: $? = 0
configure:5452: result: yes
configure:5452: checking for pthread_mutex_unlock
configure:5452: gcc -o conftest -g -O2  -static conftest.c  >&5
configure:5452: $? = 0
configure:5452: result: yes
configure:5452: checking for syslog
configure:5452: gcc -o conftest -g -O2  -static conftest.c  >&5
configure:5452: $? = 0
configure:5452: result: yes
configure:5452: checking for getaddrinfo
configure:5452: gcc -o conftest -g -O2  -static conftest.c  >&5
/usr/bin/ld: /tmp/ccf6F3fI.o: in function `main':
/home/coolige/Documents/Obsidian_notes/tools/ptunnel-ng/conftest.c:93:(.text.startup+0xb): warning: Using 'getaddrinfo' in statically linked applications requires at runtime the shared libraries from the glibc version used for linking
configure:5452: $? = 0
configure:5452: result: yes
configure:5452: checking for freeaddrinfo
configure:5452: gcc -o conftest -g -O2  -static conftest.c  >&5
configure:5452: $? = 0
configure:5452: result: yes
configure:5452: checking for gai_strerror
configure:5452: gcc -o conftest -g -O2  -static conftest.c  >&5
configure:5452: $? = 0
configure:5452: result: yes
configure:5627: checking for GNU getopt_long
configure:5652: gcc -c -g -O2  conftest.c >&5
configure:5652: $? = 0
configure:5654: result: yes
configure:5662: checking for struct timeval.tv_sec
configure:5662: gcc -c -g -O2  conftest.c >&5
configure:5662: $? = 0
configure:5662: result: yes
configure:5671: checking for struct timeval.tv_usec
configure:5671: gcc -c -g -O2  conftest.c >&5
configure:5671: $? = 0
configure:5671: result: yes
configure:5685: checking size of char
configure:5691: gcc -o conftest -g -O2  -static conftest.c  >&5
configure:5691: $? = 0
configure:5691: ./conftest
configure:5691: $? = 0
configure:5706: result: 1
configure:5718: checking size of uint8_t
configure:5724: gcc -o conftest -g -O2  -static conftest.c  >&5
configure:5724: $? = 0
configure:5724: ./conftest
configure:5724: $? = 0
configure:5739: result: 1
configure:5751: checking size of uint16_t
configure:5757: gcc -o conftest -g -O2  -static conftest.c  >&5
configure:5757: $? = 0
configure:5757: ./conftest
configure:5757: $? = 0
configure:5772: result: 2
configure:5784: checking size of uint32_t
configure:5790: gcc -o conftest -g -O2  -static conftest.c  >&5
configure:5790: $? = 0
configure:5790: ./conftest
configure:5790: $? = 0
configure:5805: result: 4
configure:5817: checking size of int
configure:5823: gcc -o conftest -g -O2  -static conftest.c  >&5
configure:5823: $? = 0
configure:5823: ./conftest
configure:5823: $? = 0
configure:5838: result: 4
configure:5854: checking for __attribute__ ((packed))
configure:5875: gcc -c -g -O2  conftest.c >&5
configure:5875: $? = 0
configure:5877: result: yes
configure:5889: checking for malloc
configure:5889: gcc -o conftest -g -O2  -static conftest.c  >&5
conftest.c:90:6: warning: conflicting types for built-in function 'malloc'; expected 'void *(long unsigned int)' [-Wbuiltin-declaration-mismatch]
   90 | char malloc ();
      |      ^~~~~~
conftest.c:82:1: note: 'malloc' is declared in header '<stdlib.h>'
   81 | #include <limits.h>
   82 | #undef malloc
configure:5889: $? = 0
configure:5889: result: yes
configure:5889: checking for calloc
configure:5889: gcc -o conftest -g -O2  -static conftest.c  >&5
conftest.c:91:6: warning: conflicting types for built-in function 'calloc'; expected 'void *(long unsigned int,  long unsigned int)' [-Wbuiltin-declaration-mismatch]
   91 | char calloc ();
      |      ^~~~~~
conftest.c:83:1: note: 'calloc' is declared in header '<stdlib.h>'
   82 | #include <limits.h>
   83 | #undef calloc
configure:5889: $? = 0
configure:5889: result: yes
configure:5889: checking for free
configure:5889: gcc -o conftest -g -O2  -static conftest.c  >&5
conftest.c:92:6: warning: conflicting types for built-in function 'free'; expected 'void(void *)' [-Wbuiltin-declaration-mismatch]
   92 | char free ();
      |      ^~~~
conftest.c:84:1: note: 'free' is declared in header '<stdlib.h>'
   83 | #include <limits.h>
   84 | #undef free
configure:5889: $? = 0
configure:5889: result: yes
configure:5889: checking for memcpy
configure:5889: gcc -o conftest -g -O2  -static conftest.c  >&5
conftest.c:93:6: warning: conflicting types for built-in function 'memcpy'; expected 'void *(void *, const void *, long unsigned int)' [-Wbuiltin-declaration-mismatch]
   93 | char memcpy ();
      |      ^~~~~~
conftest.c:85:1: note: 'memcpy' is declared in header '<string.h>'
   84 | #include <limits.h>
   85 | #undef memcpy
configure:5889: $? = 0
configure:5889: result: yes
configure:5889: checking for memset
configure:5889: gcc -o conftest -g -O2  -static conftest.c  >&5
conftest.c:94:6: warning: conflicting types for built-in function 'memset'; expected 'void *(void *, int,  long unsigned int)' [-Wbuiltin-declaration-mismatch]
   94 | char memset ();
      |      ^~~~~~
conftest.c:86:1: note: 'memset' is declared in header '<string.h>'
   85 | #include <limits.h>
   86 | #undef memset
configure:5889: $? = 0
configure:5889: result: yes
configure:5889: checking for printf
configure:5889: gcc -o conftest -g -O2  -static conftest.c  >&5
conftest.c:95:6: warning: conflicting types for built-in function 'printf'; expected 'int(const char *, ...)' [-Wbuiltin-declaration-mismatch]
   95 | char printf ();
      |      ^~~~~~
conftest.c:87:1: note: 'printf' is declared in header '<stdio.h>'
   86 | #include <limits.h>
   87 | #undef printf
configure:5889: $? = 0
configure:5889: result: yes
configure:5889: checking for sprintf
configure:5889: gcc -o conftest -g -O2  -static conftest.c  >&5
conftest.c:96:6: warning: conflicting types for built-in function 'sprintf'; expected 'int(char *, const char *, ...)' [-Wbuiltin-declaration-mismatch]
   96 | char sprintf ();
      |      ^~~~~~~
conftest.c:88:1: note: 'sprintf' is declared in header '<stdio.h>'
   87 | #include <limits.h>
   88 | #undef sprintf
configure:5889: $? = 0
configure:5889: result: yes
configure:5889: checking for vsnprintf
configure:5889: gcc -o conftest -g -O2  -static conftest.c  >&5
conftest.c:97:6: warning: conflicting types for built-in function 'vsnprintf'; expected 'int(char *, long unsigned int,  const char *, __va_list_tag *)' [-Wbuiltin-declaration-mismatch]
   97 | char vsnprintf ();
      |      ^~~~~~~~~
conftest.c:89:1: note: 'vsnprintf' is declared in header '<stdio.h>'
   88 | #include <limits.h>
   89 | #undef vsnprintf
configure:5889: $? = 0
configure:5889: result: yes
configure:5889: checking for strerror
configure:5889: gcc -o conftest -g -O2  -static conftest.c  >&5
configure:5889: $? = 0
configure:5889: result: yes
configure:5889: checking for strlen
configure:5889: gcc -o conftest -g -O2  -static conftest.c  >&5
conftest.c:99:6: warning: conflicting types for built-in function 'strlen'; expected 'long unsigned int(const char *)' [-Wbuiltin-declaration-mismatch]
   99 | char strlen ();
      |      ^~~~~~
conftest.c:91:1: note: 'strlen' is declared in header '<string.h>'
   90 | #include <limits.h>
   91 | #undef strlen
configure:5889: $? = 0
configure:5889: result: yes
configure:5889: checking for strncmp
configure:5889: gcc -o conftest -g -O2  -static conftest.c  >&5
conftest.c:100:6: warning: conflicting types for built-in function 'strncmp'; expected 'int(const char *, const char *, long unsigned int)' [-Wbuiltin-declaration-mismatch]
  100 | char strncmp ();
      |      ^~~~~~~
conftest.c:92:1: note: 'strncmp' is declared in header '<string.h>'
   91 | #include <limits.h>
   92 | #undef strncmp
configure:5889: $? = 0
configure:5889: result: yes
configure:5889: checking for strstr
configure:5889: gcc -o conftest -g -O2  -static conftest.c  >&5
conftest.c:101:6: warning: conflicting types for built-in function 'strstr'; expected 'char *(const char *, const char *)' [-Wbuiltin-declaration-mismatch]
  101 | char strstr ();
      |      ^~~~~~
conftest.c:93:1: note: 'strstr' is declared in header '<string.h>'
   92 | #include <limits.h>
   93 | #undef strstr
configure:5889: $? = 0
configure:5889: result: yes
configure:5889: checking for strtol
configure:5889: gcc -o conftest -g -O2  -static conftest.c  >&5
configure:5889: $? = 0
configure:5889: result: yes
configure:5889: checking for strtoul
configure:5889: gcc -o conftest -g -O2  -static conftest.c  >&5
configure:5889: $? = 0
configure:5889: result: yes
configure:5889: checking for fopen
configure:5889: gcc -o conftest -g -O2  -static conftest.c  >&5
configure:5889: $? = 0
configure:5889: result: yes
configure:5889: checking for fprintf
configure:5889: gcc -o conftest -g -O2  -static conftest.c  >&5
conftest.c:105:6: warning: conflicting types for built-in function 'fprintf'; expected 'int(void *, const char *, ...)' [-Wbuiltin-declaration-mismatch]
  105 | char fprintf ();
      |      ^~~~~~~
conftest.c:97:1: note: 'fprintf' is declared in header '<stdio.h>'
   96 | #include <limits.h>
   97 | #undef fprintf
configure:5889: $? = 0
configure:5889: result: yes
configure:5889: checking for gettimeofday
configure:5889: gcc -o conftest -g -O2  -static conftest.c  >&5
configure:5889: $? = 0
configure:5889: result: yes
configure:5889: checking for close
configure:5889: gcc -o conftest -g -O2  -static conftest.c  >&5
configure:5889: $? = 0
configure:5889: result: yes
configure:5889: checking for fclose
configure:5889: gcc -o conftest -g -O2  -static conftest.c  >&5
configure:5889: $? = 0
configure:5889: result: yes
configure:5889: checking for exit
configure:5889: gcc -o conftest -g -O2  -static conftest.c  >&5
conftest.c:109:6: warning: conflicting types for built-in function 'exit'; expected 'void(int)' [-Wbuiltin-declaration-mismatch]
  109 | char exit ();
      |      ^~~~
conftest.c:101:1: note: 'exit' is declared in header '<stdlib.h>'
  100 | #include <limits.h>
  101 | #undef exit
configure:5889: $? = 0
configure:5889: result: yes
configure:5889: checking for getopt_long
configure:5889: gcc -o conftest -g -O2  -static conftest.c  >&5
configure:5889: $? = 0
configure:5889: result: yes
configure:5905: checking for inet_ntoa
configure:5905: gcc -o conftest -g -O2  -static conftest.c  >&5
configure:5905: $? = 0
configure:5905: result: yes
configure:5976: checking for random device
configure:5993: result: /dev/random
configure:6121: checking for openssl/sha.h
configure:6121: gcc -c -g -O2  conftest.c >&5
configure:6121: $? = 0
configure:6121: result: yes
configure:6131: checking for library containing CRYPTO_new_ex_data
configure:6161: gcc -o conftest -g -O2  -static conftest.c  >&5
/usr/bin/ld: /tmp/cchczj2g.o: in function `main':
/home/coolige/Documents/Obsidian_notes/tools/ptunnel-ng/conftest.c:106:(.text.startup+0xb): undefined reference to `CRYPTO_new_ex_data'
collect2: error: ld returned 1 exit status
configure:6161: $? = 1
configure: failed program was:
| /* confdefs.h */
| #define PACKAGE_NAME "ptunnel-ng"
| #define PACKAGE_TARNAME "ptunnel-ng"
| #define PACKAGE_VERSION "1.42"
| #define PACKAGE_STRING "ptunnel-ng 1.42"
| #define PACKAGE_BUGREPORT ""
| #define PACKAGE_URL ""
| #define PACKAGE "ptunnel-ng"
| #define VERSION "1.42"
| #define HAVE_STDIO_H 1
| #define HAVE_STDLIB_H 1
| #define HAVE_STRING_H 1
| #define HAVE_INTTYPES_H 1
| #define HAVE_STDINT_H 1
| #define HAVE_STRINGS_H 1
| #define HAVE_SYS_STAT_H 1
| #define HAVE_SYS_TYPES_H 1
| #define HAVE_UNISTD_H 1
| #define HAVE_WCHAR_H 1
| #define STDC_HEADERS 1
| #define _ALL_SOURCE 1
| #define _DARWIN_C_SOURCE 1
| #define _GNU_SOURCE 1
| #define _HPUX_ALT_XOPEN_SOCKET_API 1
| #define _NETBSD_SOURCE 1
| #define _OPENBSD_SOURCE 1
| #define _POSIX_PTHREAD_SEMANTICS 1
| #define __STDC_WANT_IEC_60559_ATTRIBS_EXT__ 1
| #define __STDC_WANT_IEC_60559_BFP_EXT__ 1
| #define __STDC_WANT_IEC_60559_DFP_EXT__ 1
| #define __STDC_WANT_IEC_60559_FUNCS_EXT__ 1
| #define __STDC_WANT_IEC_60559_TYPES_EXT__ 1
| #define __STDC_WANT_LIB_EXT2__ 1
| #define __STDC_WANT_MATH_SPEC_FUNCS__ 1
| #define _TANDEM_SOURCE 1
| #define __EXTENSIONS__ 1
| #define HAVE__BOOL 1
| #define HAVE_VPRINTF 1
| #define HAVE_STDARG_H 1
| #define HAVE_STDIO_H 1
| #define HAVE_UNISTD_H 1
| #define HAVE_STDLIB_H 1
| #define HAVE_STRING_H 1
| #define HAVE_STDINT_H 1
| #define HAVE_TIME_H 1
| #define HAVE_SIGNAL_H 1
| #define HAVE_ASSERT_H 1
| #define HAVE_SYS_UNISTD_H 1
| #define HAVE_SYS_TYPES_H 1
| #define HAVE_SYS_SOCKET_H 1
| #define HAVE_NETINET_IN_H 1
| #define HAVE_ARPA_INET_H 1
| #define HAVE_NETDB_H 1
| #define HAVE_PTHREAD_H 1
| #define HAVE_ERRNO_H 1
| #define HAVE_NET_ETHERNET_H 1
| #define HAVE_SYSLOG_H 1
| #define HAVE_PWD_H 1
| #define HAVE_GRP_H 1
| #define HAVE_SIGNAL 1
| #define HAVE_PTHREAD_MUTEX_INIT 1
| #define HAVE_PTHREAD_MUTEX_LOCK 1
| #define HAVE_PTHREAD_MUTEX_UNLOCK 1
| #define HAVE_SYSLOG 1
| #define HAVE_GETADDRINFO 1
| #define HAVE_FREEADDRINFO 1
| #define HAVE_GAI_STRERROR 1
| #define SIZEOF_CHAR 1
| #define SIZEOF_UINT8_T 1
| #define SIZEOF_UINT16_T 2
| #define SIZEOF_UINT32_T 4
| #define SIZEOF_INT 4
| #define HAVE_MALLOC 1
| #define HAVE_CALLOC 1
| #define HAVE_FREE 1
| #define HAVE_MEMCPY 1
| #define HAVE_MEMSET 1
| #define HAVE_PRINTF 1
| #define HAVE_SPRINTF 1
| #define HAVE_VSNPRINTF 1
| #define HAVE_STRERROR 1
| #define HAVE_STRLEN 1
| #define HAVE_STRNCMP 1
| #define HAVE_STRSTR 1
| #define HAVE_STRTOL 1
| #define HAVE_STRTOUL 1
| #define HAVE_FOPEN 1
| #define HAVE_FPRINTF 1
| #define HAVE_GETTIMEOFDAY 1
| #define HAVE_CLOSE 1
| #define HAVE_FCLOSE 1
| #define HAVE_EXIT 1
| #define HAVE_GETOPT_LONG 1
| #define HAVE_INET_NTOA 1
| #define RNGDEV "/dev/random"
| #define HAVE_OPENSSL_SHA_H 1
| /* end confdefs.h.  */
| 
| /* Override any GCC internal prototype to avoid an error.
|    Use char because int might match the return type of a GCC
|    builtin and then its argument prototype would still apply.  */
| char CRYPTO_new_ex_data ();
| int
| main (void)
| {
| return CRYPTO_new_ex_data ();
|   ;
|   return 0;
| }
configure:6161: gcc -o conftest -g -O2  -static conftest.c -lcrypto   >&5
/usr/bin/ld: /usr/lib/gcc/x86_64-linux-gnu/13/../../../x86_64-linux-gnu/libcrypto.a(libcrypto-lib-dso_dlfcn.o): in function `dlfcn_globallookup':
(.text+0x1f): warning: Using 'dlopen' in statically linked applications requires at runtime the shared libraries from the glibc version used for linking
/usr/bin/ld: /usr/lib/gcc/x86_64-linux-gnu/13/../../../x86_64-linux-gnu/libcrypto.a(libcrypto-lib-bio_addr.o): in function `BIO_lookup_ex':
(.text+0xdbc): warning: Using 'getaddrinfo' in statically linked applications requires at runtime the shared libraries from the glibc version used for linking
/usr/bin/ld: /usr/lib/gcc/x86_64-linux-gnu/13/../../../x86_64-linux-gnu/libcrypto.a(libcrypto-lib-bio_sock.o): in function `BIO_gethostbyname':
(.text+0x85): warning: Using 'gethostbyname' in statically linked applications requires at runtime the shared libraries from the glibc version used for linking
configure:6161: $? = 0
configure:6181: result: -lcrypto
configure:6195: checking for bsd/stdlib.h
configure:6195: gcc -c -g -O2  conftest.c >&5
conftest.c:126:10: fatal error: bsd/stdlib.h: No such file or directory
  126 | #include <bsd/stdlib.h>
      |          ^~~~~~~~~~~~~~
compilation terminated.
configure:6195: $? = 1
configure: failed program was:
| /* confdefs.h */
| #define PACKAGE_NAME "ptunnel-ng"
| #define PACKAGE_TARNAME "ptunnel-ng"
| #define PACKAGE_VERSION "1.42"
| #define PACKAGE_STRING "ptunnel-ng 1.42"
| #define PACKAGE_BUGREPORT ""
| #define PACKAGE_URL ""
| #define PACKAGE "ptunnel-ng"
| #define VERSION "1.42"
| #define HAVE_STDIO_H 1
| #define HAVE_STDLIB_H 1
| #define HAVE_STRING_H 1
| #define HAVE_INTTYPES_H 1
| #define HAVE_STDINT_H 1
| #define HAVE_STRINGS_H 1
| #define HAVE_SYS_STAT_H 1
| #define HAVE_SYS_TYPES_H 1
| #define HAVE_UNISTD_H 1
| #define HAVE_WCHAR_H 1
| #define STDC_HEADERS 1
| #define _ALL_SOURCE 1
| #define _DARWIN_C_SOURCE 1
| #define _GNU_SOURCE 1
| #define _HPUX_ALT_XOPEN_SOCKET_API 1
| #define _NETBSD_SOURCE 1
| #define _OPENBSD_SOURCE 1
| #define _POSIX_PTHREAD_SEMANTICS 1
| #define __STDC_WANT_IEC_60559_ATTRIBS_EXT__ 1
| #define __STDC_WANT_IEC_60559_BFP_EXT__ 1
| #define __STDC_WANT_IEC_60559_DFP_EXT__ 1
| #define __STDC_WANT_IEC_60559_FUNCS_EXT__ 1
| #define __STDC_WANT_IEC_60559_TYPES_EXT__ 1
| #define __STDC_WANT_LIB_EXT2__ 1
| #define __STDC_WANT_MATH_SPEC_FUNCS__ 1
| #define _TANDEM_SOURCE 1
| #define __EXTENSIONS__ 1
| #define HAVE__BOOL 1
| #define HAVE_VPRINTF 1
| #define HAVE_STDARG_H 1
| #define HAVE_STDIO_H 1
| #define HAVE_UNISTD_H 1
| #define HAVE_STDLIB_H 1
| #define HAVE_STRING_H 1
| #define HAVE_STDINT_H 1
| #define HAVE_TIME_H 1
| #define HAVE_SIGNAL_H 1
| #define HAVE_ASSERT_H 1
| #define HAVE_SYS_UNISTD_H 1
| #define HAVE_SYS_TYPES_H 1
| #define HAVE_SYS_SOCKET_H 1
| #define HAVE_NETINET_IN_H 1
| #define HAVE_ARPA_INET_H 1
| #define HAVE_NETDB_H 1
| #define HAVE_PTHREAD_H 1
| #define HAVE_ERRNO_H 1
| #define HAVE_NET_ETHERNET_H 1
| #define HAVE_SYSLOG_H 1
| #define HAVE_PWD_H 1
| #define HAVE_GRP_H 1
| #define HAVE_SIGNAL 1
| #define HAVE_PTHREAD_MUTEX_INIT 1
| #define HAVE_PTHREAD_MUTEX_LOCK 1
| #define HAVE_PTHREAD_MUTEX_UNLOCK 1
| #define HAVE_SYSLOG 1
| #define HAVE_GETADDRINFO 1
| #define HAVE_FREEADDRINFO 1
| #define HAVE_GAI_STRERROR 1
| #define SIZEOF_CHAR 1
| #define SIZEOF_UINT8_T 1
| #define SIZEOF_UINT16_T 2
| #define SIZEOF_UINT32_T 4
| #define SIZEOF_INT 4
| #define HAVE_MALLOC 1
| #define HAVE_CALLOC 1
| #define HAVE_FREE 1
| #define HAVE_MEMCPY 1
| #define HAVE_MEMSET 1
| #define HAVE_PRINTF 1
| #define HAVE_SPRINTF 1
| #define HAVE_VSNPRINTF 1
| #define HAVE_STRERROR 1
| #define HAVE_STRLEN 1
| #define HAVE_STRNCMP 1
| #define HAVE_STRSTR 1
| #define HAVE_STRTOL 1
| #define HAVE_STRTOUL 1
| #define HAVE_FOPEN 1
| #define HAVE_FPRINTF 1
| #define HAVE_GETTIMEOFDAY 1
| #define HAVE_CLOSE 1
| #define HAVE_FCLOSE 1
| #define HAVE_EXIT 1
| #define HAVE_GETOPT_LONG 1
| #define HAVE_INET_NTOA 1
| #define RNGDEV "/dev/random"
| #define HAVE_OPENSSL_SHA_H 1
| /* end confdefs.h.  */
| #include <stddef.h>
| #ifdef HAVE_STDIO_H
| # include <stdio.h>
| #endif
| #ifdef HAVE_STDLIB_H
| # include <stdlib.h>
| #endif
| #ifdef HAVE_STRING_H
| # include <string.h>
| #endif
| #ifdef HAVE_INTTYPES_H
| # include <inttypes.h>
| #endif
| #ifdef HAVE_STDINT_H
| # include <stdint.h>
| #endif
| #ifdef HAVE_STRINGS_H
| # include <strings.h>
| #endif
| #ifdef HAVE_SYS_TYPES_H
| # include <sys/types.h>
| #endif
| #ifdef HAVE_SYS_STAT_H
| # include <sys/stat.h>
| #endif
| #ifdef HAVE_UNISTD_H
| # include <unistd.h>
| #endif
| #include <bsd/stdlib.h>
configure:6195: result: no
configure:6202: checking for library containing arc4random
configure:6232: gcc -o conftest -g -O2  -static conftest.c -lcrypto  >&5
configure:6232: $? = 0
configure:6252: result: none required
configure:6264: checking for arc4random
configure:6264: gcc -o conftest -g -O2  -static conftest.c -lcrypto  >&5
configure:6264: $? = 0
configure:6264: result: yes
configure:6277: checking for selinux/selinux.h
configure:6277: gcc -c -g -O2  conftest.c >&5
configure:6277: $? = 0
configure:6277: result: yes
configure:6287: checking for library containing setcon
configure:6317: gcc -o conftest -g -O2  -static conftest.c -lcrypto  >&5
/usr/bin/ld: /tmp/ccynwKCx.o: in function `main':
/home/coolige/Documents/Obsidian_notes/tools/ptunnel-ng/conftest.c:108:(.text.startup+0xb): undefined reference to `setcon'
collect2: error: ld returned 1 exit status
configure:6317: $? = 1
configure: failed program was:
| /* confdefs.h */
| #define PACKAGE_NAME "ptunnel-ng"
| #define PACKAGE_TARNAME "ptunnel-ng"
| #define PACKAGE_VERSION "1.42"
| #define PACKAGE_STRING "ptunnel-ng 1.42"
| #define PACKAGE_BUGREPORT ""
| #define PACKAGE_URL ""
| #define PACKAGE "ptunnel-ng"
| #define VERSION "1.42"
| #define HAVE_STDIO_H 1
| #define HAVE_STDLIB_H 1
| #define HAVE_STRING_H 1
| #define HAVE_INTTYPES_H 1
| #define HAVE_STDINT_H 1
| #define HAVE_STRINGS_H 1
| #define HAVE_SYS_STAT_H 1
| #define HAVE_SYS_TYPES_H 1
| #define HAVE_UNISTD_H 1
| #define HAVE_WCHAR_H 1
| #define STDC_HEADERS 1
| #define _ALL_SOURCE 1
| #define _DARWIN_C_SOURCE 1
| #define _GNU_SOURCE 1
| #define _HPUX_ALT_XOPEN_SOCKET_API 1
| #define _NETBSD_SOURCE 1
| #define _OPENBSD_SOURCE 1
| #define _POSIX_PTHREAD_SEMANTICS 1
| #define __STDC_WANT_IEC_60559_ATTRIBS_EXT__ 1
| #define __STDC_WANT_IEC_60559_BFP_EXT__ 1
| #define __STDC_WANT_IEC_60559_DFP_EXT__ 1
| #define __STDC_WANT_IEC_60559_FUNCS_EXT__ 1
| #define __STDC_WANT_IEC_60559_TYPES_EXT__ 1
| #define __STDC_WANT_LIB_EXT2__ 1
| #define __STDC_WANT_MATH_SPEC_FUNCS__ 1
| #define _TANDEM_SOURCE 1
| #define __EXTENSIONS__ 1
| #define HAVE__BOOL 1
| #define HAVE_VPRINTF 1
| #define HAVE_STDARG_H 1
| #define HAVE_STDIO_H 1
| #define HAVE_UNISTD_H 1
| #define HAVE_STDLIB_H 1
| #define HAVE_STRING_H 1
| #define HAVE_STDINT_H 1
| #define HAVE_TIME_H 1
| #define HAVE_SIGNAL_H 1
| #define HAVE_ASSERT_H 1
| #define HAVE_SYS_UNISTD_H 1
| #define HAVE_SYS_TYPES_H 1
| #define HAVE_SYS_SOCKET_H 1
| #define HAVE_NETINET_IN_H 1
| #define HAVE_ARPA_INET_H 1
| #define HAVE_NETDB_H 1
| #define HAVE_PTHREAD_H 1
| #define HAVE_ERRNO_H 1
| #define HAVE_NET_ETHERNET_H 1
| #define HAVE_SYSLOG_H 1
| #define HAVE_PWD_H 1
| #define HAVE_GRP_H 1
| #define HAVE_SIGNAL 1
| #define HAVE_PTHREAD_MUTEX_INIT 1
| #define HAVE_PTHREAD_MUTEX_LOCK 1
| #define HAVE_PTHREAD_MUTEX_UNLOCK 1
| #define HAVE_SYSLOG 1
| #define HAVE_GETADDRINFO 1
| #define HAVE_FREEADDRINFO 1
| #define HAVE_GAI_STRERROR 1
| #define SIZEOF_CHAR 1
| #define SIZEOF_UINT8_T 1
| #define SIZEOF_UINT16_T 2
| #define SIZEOF_UINT32_T 4
| #define SIZEOF_INT 4
| #define HAVE_MALLOC 1
| #define HAVE_CALLOC 1
| #define HAVE_FREE 1
| #define HAVE_MEMCPY 1
| #define HAVE_MEMSET 1
| #define HAVE_PRINTF 1
| #define HAVE_SPRINTF 1
| #define HAVE_VSNPRINTF 1
| #define HAVE_STRERROR 1
| #define HAVE_STRLEN 1
| #define HAVE_STRNCMP 1
| #define HAVE_STRSTR 1
| #define HAVE_STRTOL 1
| #define HAVE_STRTOUL 1
| #define HAVE_FOPEN 1
| #define HAVE_FPRINTF 1
| #define HAVE_GETTIMEOFDAY 1
| #define HAVE_CLOSE 1
| #define HAVE_FCLOSE 1
| #define HAVE_EXIT 1
| #define HAVE_GETOPT_LONG 1
| #define HAVE_INET_NTOA 1
| #define RNGDEV "/dev/random"
| #define HAVE_OPENSSL_SHA_H 1
| #define HAVE_ARC4RANDOM 1
| #define HAVE_SELINUX_SELINUX_H 1
| /* end confdefs.h.  */
| 
| /* Override any GCC internal prototype to avoid an error.
|    Use char because int might match the return type of a GCC
|    builtin and then its argument prototype would still apply.  */
| char setcon ();
| int
| main (void)
| {
| return setcon ();
|   ;
|   return 0;
| }
configure:6317: gcc -o conftest -g -O2  -static conftest.c -lselinux  -lcrypto  >&5
configure:6317: $? = 0
configure:6337: result: -lselinux
configure:6350: checking for working ICMP_FILTER
configure:6374: gcc -c -g -O2  conftest.c >&5
configure:6374: $? = 0
configure:6376: result: yes
configure:6387: checking for library containing __android_log_vprint
configure:6417: gcc -o conftest -g -O2  -static conftest.c -lselinux -lcrypto  >&5
/usr/bin/ld: /tmp/ccFFszX0.o: in function `main':
/home/coolige/Documents/Obsidian_notes/tools/ptunnel-ng/conftest.c:108:(.text.startup+0xb): undefined reference to `__android_log_vprint'
collect2: error: ld returned 1 exit status
configure:6417: $? = 1
configure: failed program was:
| /* confdefs.h */
| #define PACKAGE_NAME "ptunnel-ng"
| #define PACKAGE_TARNAME "ptunnel-ng"
| #define PACKAGE_VERSION "1.42"
| #define PACKAGE_STRING "ptunnel-ng 1.42"
| #define PACKAGE_BUGREPORT ""
| #define PACKAGE_URL ""
| #define PACKAGE "ptunnel-ng"
| #define VERSION "1.42"
| #define HAVE_STDIO_H 1
| #define HAVE_STDLIB_H 1
| #define HAVE_STRING_H 1
| #define HAVE_INTTYPES_H 1
| #define HAVE_STDINT_H 1
| #define HAVE_STRINGS_H 1
| #define HAVE_SYS_STAT_H 1
| #define HAVE_SYS_TYPES_H 1
| #define HAVE_UNISTD_H 1
| #define HAVE_WCHAR_H 1
| #define STDC_HEADERS 1
| #define _ALL_SOURCE 1
| #define _DARWIN_C_SOURCE 1
| #define _GNU_SOURCE 1
| #define _HPUX_ALT_XOPEN_SOCKET_API 1
| #define _NETBSD_SOURCE 1
| #define _OPENBSD_SOURCE 1
| #define _POSIX_PTHREAD_SEMANTICS 1
| #define __STDC_WANT_IEC_60559_ATTRIBS_EXT__ 1
| #define __STDC_WANT_IEC_60559_BFP_EXT__ 1
| #define __STDC_WANT_IEC_60559_DFP_EXT__ 1
| #define __STDC_WANT_IEC_60559_FUNCS_EXT__ 1
| #define __STDC_WANT_IEC_60559_TYPES_EXT__ 1
| #define __STDC_WANT_LIB_EXT2__ 1
| #define __STDC_WANT_MATH_SPEC_FUNCS__ 1
| #define _TANDEM_SOURCE 1
| #define __EXTENSIONS__ 1
| #define HAVE__BOOL 1
| #define HAVE_VPRINTF 1
| #define HAVE_STDARG_H 1
| #define HAVE_STDIO_H 1
| #define HAVE_UNISTD_H 1
| #define HAVE_STDLIB_H 1
| #define HAVE_STRING_H 1
| #define HAVE_STDINT_H 1
| #define HAVE_TIME_H 1
| #define HAVE_SIGNAL_H 1
| #define HAVE_ASSERT_H 1
| #define HAVE_SYS_UNISTD_H 1
| #define HAVE_SYS_TYPES_H 1
| #define HAVE_SYS_SOCKET_H 1
| #define HAVE_NETINET_IN_H 1
| #define HAVE_ARPA_INET_H 1
| #define HAVE_NETDB_H 1
| #define HAVE_PTHREAD_H 1
| #define HAVE_ERRNO_H 1
| #define HAVE_NET_ETHERNET_H 1
| #define HAVE_SYSLOG_H 1
| #define HAVE_PWD_H 1
| #define HAVE_GRP_H 1
| #define HAVE_SIGNAL 1
| #define HAVE_PTHREAD_MUTEX_INIT 1
| #define HAVE_PTHREAD_MUTEX_LOCK 1
| #define HAVE_PTHREAD_MUTEX_UNLOCK 1
| #define HAVE_SYSLOG 1
| #define HAVE_GETADDRINFO 1
| #define HAVE_FREEADDRINFO 1
| #define HAVE_GAI_STRERROR 1
| #define SIZEOF_CHAR 1
| #define SIZEOF_UINT8_T 1
| #define SIZEOF_UINT16_T 2
| #define SIZEOF_UINT32_T 4
| #define SIZEOF_INT 4
| #define HAVE_MALLOC 1
| #define HAVE_CALLOC 1
| #define HAVE_FREE 1
| #define HAVE_MEMCPY 1
| #define HAVE_MEMSET 1
| #define HAVE_PRINTF 1
| #define HAVE_SPRINTF 1
| #define HAVE_VSNPRINTF 1
| #define HAVE_STRERROR 1
| #define HAVE_STRLEN 1
| #define HAVE_STRNCMP 1
| #define HAVE_STRSTR 1
| #define HAVE_STRTOL 1
| #define HAVE_STRTOUL 1
| #define HAVE_FOPEN 1
| #define HAVE_FPRINTF 1
| #define HAVE_GETTIMEOFDAY 1
| #define HAVE_CLOSE 1
| #define HAVE_FCLOSE 1
| #define HAVE_EXIT 1
| #define HAVE_GETOPT_LONG 1
| #define HAVE_INET_NTOA 1
| #define RNGDEV "/dev/random"
| #define HAVE_OPENSSL_SHA_H 1
| #define HAVE_ARC4RANDOM 1
| #define HAVE_SELINUX_SELINUX_H 1
| /* end confdefs.h.  */
| 
| /* Override any GCC internal prototype to avoid an error.
|    Use char because int might match the return type of a GCC
|    builtin and then its argument prototype would still apply.  */
| char __android_log_vprint ();
| int
| main (void)
| {
| return __android_log_vprint ();
|   ;
|   return 0;
| }
configure:6417: gcc -o conftest -g -O2  -static conftest.c -llog  -lselinux -lcrypto  >&5
/usr/bin/ld: cannot find -llog: No such file or directory
collect2: error: ld returned 1 exit status
configure:6417: $? = 1
configure: failed program was:
| /* confdefs.h */
| #define PACKAGE_NAME "ptunnel-ng"
| #define PACKAGE_TARNAME "ptunnel-ng"
| #define PACKAGE_VERSION "1.42"
| #define PACKAGE_STRING "ptunnel-ng 1.42"
| #define PACKAGE_BUGREPORT ""
| #define PACKAGE_URL ""
| #define PACKAGE "ptunnel-ng"
| #define VERSION "1.42"
| #define HAVE_STDIO_H 1
| #define HAVE_STDLIB_H 1
| #define HAVE_STRING_H 1
| #define HAVE_INTTYPES_H 1
| #define HAVE_STDINT_H 1
| #define HAVE_STRINGS_H 1
| #define HAVE_SYS_STAT_H 1
| #define HAVE_SYS_TYPES_H 1
| #define HAVE_UNISTD_H 1
| #define HAVE_WCHAR_H 1
| #define STDC_HEADERS 1
| #define _ALL_SOURCE 1
| #define _DARWIN_C_SOURCE 1
| #define _GNU_SOURCE 1
| #define _HPUX_ALT_XOPEN_SOCKET_API 1
| #define _NETBSD_SOURCE 1
| #define _OPENBSD_SOURCE 1
| #define _POSIX_PTHREAD_SEMANTICS 1
| #define __STDC_WANT_IEC_60559_ATTRIBS_EXT__ 1
| #define __STDC_WANT_IEC_60559_BFP_EXT__ 1
| #define __STDC_WANT_IEC_60559_DFP_EXT__ 1
| #define __STDC_WANT_IEC_60559_FUNCS_EXT__ 1
| #define __STDC_WANT_IEC_60559_TYPES_EXT__ 1
| #define __STDC_WANT_LIB_EXT2__ 1
| #define __STDC_WANT_MATH_SPEC_FUNCS__ 1
| #define _TANDEM_SOURCE 1
| #define __EXTENSIONS__ 1
| #define HAVE__BOOL 1
| #define HAVE_VPRINTF 1
| #define HAVE_STDARG_H 1
| #define HAVE_STDIO_H 1
| #define HAVE_UNISTD_H 1
| #define HAVE_STDLIB_H 1
| #define HAVE_STRING_H 1
| #define HAVE_STDINT_H 1
| #define HAVE_TIME_H 1
| #define HAVE_SIGNAL_H 1
| #define HAVE_ASSERT_H 1
| #define HAVE_SYS_UNISTD_H 1
| #define HAVE_SYS_TYPES_H 1
| #define HAVE_SYS_SOCKET_H 1
| #define HAVE_NETINET_IN_H 1
| #define HAVE_ARPA_INET_H 1
| #define HAVE_NETDB_H 1
| #define HAVE_PTHREAD_H 1
| #define HAVE_ERRNO_H 1
| #define HAVE_NET_ETHERNET_H 1
| #define HAVE_SYSLOG_H 1
| #define HAVE_PWD_H 1
| #define HAVE_GRP_H 1
| #define HAVE_SIGNAL 1
| #define HAVE_PTHREAD_MUTEX_INIT 1
| #define HAVE_PTHREAD_MUTEX_LOCK 1
| #define HAVE_PTHREAD_MUTEX_UNLOCK 1
| #define HAVE_SYSLOG 1
| #define HAVE_GETADDRINFO 1
| #define HAVE_FREEADDRINFO 1
| #define HAVE_GAI_STRERROR 1
| #define SIZEOF_CHAR 1
| #define SIZEOF_UINT8_T 1
| #define SIZEOF_UINT16_T 2
| #define SIZEOF_UINT32_T 4
| #define SIZEOF_INT 4
| #define HAVE_MALLOC 1
| #define HAVE_CALLOC 1
| #define HAVE_FREE 1
| #define HAVE_MEMCPY 1
| #define HAVE_MEMSET 1
| #define HAVE_PRINTF 1
| #define HAVE_SPRINTF 1
| #define HAVE_VSNPRINTF 1
| #define HAVE_STRERROR 1
| #define HAVE_STRLEN 1
| #define HAVE_STRNCMP 1
| #define HAVE_STRSTR 1
| #define HAVE_STRTOL 1
| #define HAVE_STRTOUL 1
| #define HAVE_FOPEN 1
| #define HAVE_FPRINTF 1
| #define HAVE_GETTIMEOFDAY 1
| #define HAVE_CLOSE 1
| #define HAVE_FCLOSE 1
| #define HAVE_EXIT 1
| #define HAVE_GETOPT_LONG 1
| #define HAVE_INET_NTOA 1
| #define RNGDEV "/dev/random"
| #define HAVE_OPENSSL_SHA_H 1
| #define HAVE_ARC4RANDOM 1
| #define HAVE_SELINUX_SELINUX_H 1
| /* end confdefs.h.  */
| 
| /* Override any GCC internal prototype to avoid an error.
|    Use char because int might match the return type of a GCC
|    builtin and then its argument prototype would still apply.  */
| char __android_log_vprint ();
| int
| main (void)
| {
| return __android_log_vprint ();
|   ;
|   return 0;
| }
configure:6437: result: no
configure:6631: checking that generated files are newer than configure
configure:6637: result: done
configure:6700: creating ./config.status

## ---------------------- ##
## Running config.status. ##
## ---------------------- ##

This file was extended by ptunnel-ng config.status 1.42, which was
generated by GNU Autoconf 2.71.  Invocation command line was

  CONFIG_FILES    = 
  CONFIG_HEADERS  = 
  CONFIG_LINKS    = 
  CONFIG_COMMANDS = 
  $ ./config.status 

on coolige-XPS-8960

config.status:955: creating Makefile
config.status:955: creating src/Makefile
config.status:955: creating src/config.h
config.status:1136: src/config.h is unchanged
config.status:1184: executing depfiles commands
config.status:1261: cd src       && sed -e '/# am--include-marker/d' Makefile         | make -f - am--depfiles
make: Nothing to be done for 'am--depfiles'.
config.status:1266: $? = 0
configure:8011: WARNING: unrecognized options: --enable-static

## ---------------- ##
## Cache variables. ##
## ---------------- ##

ac_cv_build=x86_64-pc-linux-gnu
ac_cv_c_compiler_gnu=yes
ac_cv_c_const=yes
ac_cv_c_inline=inline
ac_cv_env_CC_set=
ac_cv_env_CC_value=
ac_cv_env_CFLAGS_set=
ac_cv_env_CFLAGS_value=
ac_cv_env_CPPFLAGS_set=
ac_cv_env_CPPFLAGS_value=
ac_cv_env_LDFLAGS_set=set
ac_cv_env_LDFLAGS_value=-static
ac_cv_env_LIBS_set=
ac_cv_env_LIBS_value=
ac_cv_env_build_alias_set=
ac_cv_env_build_alias_value=
ac_cv_env_host_alias_set=
ac_cv_env_host_alias_value=
ac_cv_env_target_alias_set=
ac_cv_env_target_alias_value=
ac_cv_func_arc4random=yes
ac_cv_func_calloc=yes
ac_cv_func_close=yes
ac_cv_func_exit=yes
ac_cv_func_fclose=yes
ac_cv_func_fopen=yes
ac_cv_func_fprintf=yes
ac_cv_func_free=yes
ac_cv_func_freeaddrinfo=yes
ac_cv_func_gai_strerror=yes
ac_cv_func_getaddrinfo=yes
ac_cv_func_getopt_long=yes
ac_cv_func_gettimeofday=yes
ac_cv_func_inet_ntoa=yes
ac_cv_func_malloc=yes
ac_cv_func_memcmp_working=yes
ac_cv_func_memcpy=yes
ac_cv_func_memset=yes
ac_cv_func_printf=yes
ac_cv_func_pthread_mutex_init=yes
ac_cv_func_pthread_mutex_lock=yes
ac_cv_func_pthread_mutex_unlock=yes
ac_cv_func_signal=yes
ac_cv_func_sprintf=yes
ac_cv_func_strerror=yes
ac_cv_func_strlen=yes
ac_cv_func_strncmp=yes
ac_cv_func_strstr=yes
ac_cv_func_strtol=yes
ac_cv_func_strtoul=yes
ac_cv_func_syslog=yes
ac_cv_func_vprintf=yes
ac_cv_func_vsnprintf=yes
ac_cv_header_arpa_inet_h=yes
ac_cv_header_assert_h=yes
ac_cv_header_bsd_stdlib_h=no
ac_cv_header_errno_h=yes
ac_cv_header_grp_h=yes
ac_cv_header_inttypes_h=yes
ac_cv_header_minix_config_h=no
ac_cv_header_net_ethernet_h=yes
ac_cv_header_netdb_h=yes
ac_cv_header_netinet_in_h=yes
ac_cv_header_openssl_sha_h=yes
ac_cv_header_pthread_h=yes
ac_cv_header_pwd_h=yes
ac_cv_header_selinux_selinux_h=yes
ac_cv_header_signal_h=yes
ac_cv_header_stdarg_h=yes
ac_cv_header_stdbool_h=yes
ac_cv_header_stdint_h=yes
ac_cv_header_stdio_h=yes
ac_cv_header_stdlib_h=yes
ac_cv_header_string_h=yes
ac_cv_header_strings_h=yes
ac_cv_header_sys_socket_h=yes
ac_cv_header_sys_stat_h=yes
ac_cv_header_sys_types_h=yes
ac_cv_header_sys_unistd_h=yes
ac_cv_header_syslog_h=yes
ac_cv_header_time_h=yes
ac_cv_header_unistd_h=yes
ac_cv_header_wchar_h=yes
ac_cv_host=x86_64-pc-linux-gnu
ac_cv_member_struct_timeval_tv_sec=yes
ac_cv_member_struct_timeval_tv_usec=yes
ac_cv_objext=o
ac_cv_path_install='/usr/bin/install -c'
ac_cv_path_mkdir=/usr/bin/mkdir
ac_cv_prog_AWK=mawk
ac_cv_prog_ac_ct_CC=gcc
ac_cv_prog_cc_c11=
ac_cv_prog_cc_g=yes
ac_cv_prog_cc_stdc=
ac_cv_prog_make_make_set=yes
ac_cv_safe_to_define___extensions__=yes
ac_cv_search_CRYPTO_new_ex_data=-lcrypto
ac_cv_search___android_log_vprint=no
ac_cv_search_arc4random='none required'
ac_cv_search_pthread_create='none required'
ac_cv_search_setcon=-lselinux
ac_cv_should_define__xopen_source=no
ac_cv_sizeof_char=1
ac_cv_sizeof_int=4
ac_cv_sizeof_uint16_t=2
ac_cv_sizeof_uint32_t=4
ac_cv_sizeof_uint8_t=1
ac_cv_type__Bool=yes
ac_cv_type_size_t=yes
am_cv_CC_dependencies_compiler_type=gcc3
am_cv_make_support_nested_variables=yes
am_cv_prog_cc_c_o=yes

## ----------------- ##
## Output variables. ##
## ----------------- ##

ACLOCAL='${SHELL} '\''/home/coolige/Documents/Obsidian_notes/tools/ptunnel-ng/missing'\'' aclocal-1.16'
AMDEPBACKSLASH='\'
AMDEP_FALSE='#'
AMDEP_TRUE=''
AMTAR='$${TAR-tar}'
AM_BACKSLASH='\'
AM_DEFAULT_V='$(AM_DEFAULT_VERBOSITY)'
AM_DEFAULT_VERBOSITY='0'
AM_V='$(V)'
AUTOCONF='${SHELL} '\''/home/coolige/Documents/Obsidian_notes/tools/ptunnel-ng/missing'\'' autoconf'
AUTOHEADER='${SHELL} '\''/home/coolige/Documents/Obsidian_notes/tools/ptunnel-ng/missing'\'' autoheader'
AUTOMAKE='${SHELL} '\''/home/coolige/Documents/Obsidian_notes/tools/ptunnel-ng/missing'\'' automake-1.16'
AWK='mawk'
CC='gcc'
CCDEPMODE='depmode=gcc3'
CFLAGS='-g -O2'
CPPFLAGS=''
CSCOPE='cscope'
CTAGS='ctags'
CYGPATH_W='echo'
DEFS='-DHAVE_CONFIG_H'
DEPDIR='.deps'
DISABLE_ASSERTS_FALSE='#'
DISABLE_ASSERTS_TRUE=''
DLLTOOL=''
ECHO_C=''
ECHO_N='-n'
ECHO_T=''
ENABLE_SANITIZER_FALSE=''
ENABLE_SANITIZER_TRUE='#'
ENABLE_SHA512_FALSE='#'
ENABLE_SHA512_TRUE=''
ETAGS='etags'
EXEEXT=''
HAVE_ARC4RANDOM_FALSE='#'
HAVE_ARC4RANDOM_TRUE=''
HAVE_ICMPFILTER_FALSE='#'
HAVE_ICMPFILTER_TRUE=''
HAVE_NPCAP_FALSE=''
HAVE_NPCAP_TRUE='#'
HAVE_PCAP_FALSE=''
HAVE_PCAP_TRUE='#'
HAVE_SELINUX_FALSE='#'
HAVE_SELINUX_TRUE=''
INSTALL_DATA='${INSTALL} -m 644'
INSTALL_PROGRAM='${INSTALL}'
INSTALL_SCRIPT='${INSTALL}'
INSTALL_STRIP_PROGRAM='$(install_sh) -c -s'
IS_WINDOWS_FALSE=''
IS_WINDOWS_TRUE='#'
LDFLAGS='-static'
LIBOBJS=''
LIBS='-lselinux -lcrypto '
LTLIBOBJS=''
MAKEINFO='${SHELL} '\''/home/coolige/Documents/Obsidian_notes/tools/ptunnel-ng/missing'\'' makeinfo'
MKDIR_P='/usr/bin/mkdir -p'
OBJEXT='o'
PACKAGE='ptunnel-ng'
PACKAGE_BUGREPORT=''
PACKAGE_NAME='ptunnel-ng'
PACKAGE_STRING='ptunnel-ng 1.42'
PACKAGE_TARNAME='ptunnel-ng'
PACKAGE_URL=''
PACKAGE_VERSION='1.42'
PATH_SEPARATOR=':'
SET_MAKE=''
SHELL='/bin/bash'
STRIP=''
USE_CUSTOMRNG_FALSE=''
USE_CUSTOMRNG_TRUE='#'
VERSION='1.42'
ac_ct_CC='gcc'
am__EXEEXT_FALSE=''
am__EXEEXT_TRUE='#'
am__fastdepCC_FALSE='#'
am__fastdepCC_TRUE=''
am__include='include'
am__isrc=''
am__leading_dot='.'
am__nodep='_no'
am__quote=''
am__tar='$${TAR-tar} chof - "$$tardir"'
am__untar='$${TAR-tar} xf -'
bindir='${exec_prefix}/bin'
build='x86_64-pc-linux-gnu'
build_alias=''
build_cpu='x86_64'
build_os='linux-gnu'
build_vendor='pc'
datadir='${datarootdir}'
datarootdir='${prefix}/share'
docdir='${datarootdir}/doc/${PACKAGE_TARNAME}'
dvidir='${docdir}'
exec_prefix='${prefix}'
host='x86_64-pc-linux-gnu'
host_alias=''
host_cpu='x86_64'
host_os='linux-gnu'
host_vendor='pc'
htmldir='${docdir}'
includedir='${prefix}/include'
infodir='${datarootdir}/info'
install_sh='${SHELL} /home/coolige/Documents/Obsidian_notes/tools/ptunnel-ng/install-sh'
libdir='${exec_prefix}/lib'
libexecdir='${exec_prefix}/libexec'
localedir='${datarootdir}/locale'
localstatedir='${prefix}/var'
mandir='${datarootdir}/man'
mkdir_p='$(MKDIR_P)'
oldincludedir='/usr/include'
pdfdir='${docdir}'
prefix='/usr/local'
program_transform_name='s,x,x,'
psdir='${docdir}'
runstatedir='${localstatedir}/run'
sbindir='${exec_prefix}/sbin'
sharedstatedir='${prefix}/com'
sysconfdir='${prefix}/etc'
target_alias=''

## ----------- ##
## confdefs.h. ##
## ----------- ##

/* confdefs.h */
#define PACKAGE_NAME "ptunnel-ng"
#define PACKAGE_TARNAME "ptunnel-ng"
#define PACKAGE_VERSION "1.42"
#define PACKAGE_STRING "ptunnel-ng 1.42"
#define PACKAGE_BUGREPORT ""
#define PACKAGE_URL ""
#define PACKAGE "ptunnel-ng"
#define VERSION "1.42"
#define HAVE_STDIO_H 1
#define HAVE_STDLIB_H 1
#define HAVE_STRING_H 1
#define HAVE_INTTYPES_H 1
#define HAVE_STDINT_H 1
#define HAVE_STRINGS_H 1
#define HAVE_SYS_STAT_H 1
#define HAVE_SYS_TYPES_H 1
#define HAVE_UNISTD_H 1
#define HAVE_WCHAR_H 1
#define STDC_HEADERS 1
#define _ALL_SOURCE 1
#define _DARWIN_C_SOURCE 1
#define _GNU_SOURCE 1
#define _HPUX_ALT_XOPEN_SOCKET_API 1
#define _NETBSD_SOURCE 1
#define _OPENBSD_SOURCE 1
#define _POSIX_PTHREAD_SEMANTICS 1
#define __STDC_WANT_IEC_60559_ATTRIBS_EXT__ 1
#define __STDC_WANT_IEC_60559_BFP_EXT__ 1
#define __STDC_WANT_IEC_60559_DFP_EXT__ 1
#define __STDC_WANT_IEC_60559_FUNCS_EXT__ 1
#define __STDC_WANT_IEC_60559_TYPES_EXT__ 1
#define __STDC_WANT_LIB_EXT2__ 1
#define __STDC_WANT_MATH_SPEC_FUNCS__ 1
#define _TANDEM_SOURCE 1
#define __EXTENSIONS__ 1
#define HAVE__BOOL 1
#define HAVE_VPRINTF 1
#define HAVE_STDARG_H 1
#define HAVE_STDIO_H 1
#define HAVE_UNISTD_H 1
#define HAVE_STDLIB_H 1
#define HAVE_STRING_H 1
#define HAVE_STDINT_H 1
#define HAVE_TIME_H 1
#define HAVE_SIGNAL_H 1
#define HAVE_ASSERT_H 1
#define HAVE_SYS_UNISTD_H 1
#define HAVE_SYS_TYPES_H 1
#define HAVE_SYS_SOCKET_H 1
#define HAVE_NETINET_IN_H 1
#define HAVE_ARPA_INET_H 1
#define HAVE_NETDB_H 1
#define HAVE_PTHREAD_H 1
#define HAVE_ERRNO_H 1
#define HAVE_NET_ETHERNET_H 1
#define HAVE_SYSLOG_H 1
#define HAVE_PWD_H 1
#define HAVE_GRP_H 1
#define HAVE_SIGNAL 1
#define HAVE_PTHREAD_MUTEX_INIT 1
#define HAVE_PTHREAD_MUTEX_LOCK 1
#define HAVE_PTHREAD_MUTEX_UNLOCK 1
#define HAVE_SYSLOG 1
#define HAVE_GETADDRINFO 1
#define HAVE_FREEADDRINFO 1
#define HAVE_GAI_STRERROR 1
#define SIZEOF_CHAR 1
#define SIZEOF_UINT8_T 1
#define SIZEOF_UINT16_T 2
#define SIZEOF_UINT32_T 4
#define SIZEOF_INT 4
#define HAVE_MALLOC 1
#define HAVE_CALLOC 1
#define HAVE_FREE 1
#define HAVE_MEMCPY 1
#define HAVE_MEMSET 1
#define HAVE_PRINTF 1
#define HAVE_SPRINTF 1
#define HAVE_VSNPRINTF 1
#define HAVE_STRERROR 1
#define HAVE_STRLEN 1
#define HAVE_STRNCMP 1
#define HAVE_STRSTR 1
#define HAVE_STRTOL 1
#define HAVE_STRTOUL 1
#define HAVE_FOPEN 1
#define HAVE_FPRINTF 1
#define HAVE_GETTIMEOFDAY 1
#define HAVE_CLOSE 1
#define HAVE_FCLOSE 1
#define HAVE_EXIT 1
#define HAVE_GETOPT_LONG 1
#define HAVE_INET_NTOA 1
#define RNGDEV "/dev/random"
#define HAVE_OPENSSL_SHA_H 1
#define HAVE_ARC4RANDOM 1
#define HAVE_SELINUX_SELINUX_H 1

configure: exit 0
